[19-Aug-2019 14:04:57 UTC] PHP Fatal error:  Uncaught Error: Class 'Goods\Order' not found in C:\Users\User\Documents\goods\ex.php:18
Stack trace:
#0 {main}
  thrown in C:\Users\User\Documents\goods\ex.php on line 18
[19-Aug-2019 14:05:37 UTC] PHP Fatal error:  Uncaught Error: Class 'Goods\Order' not found in C:\Users\User\Documents\goods\ex.php:18
Stack trace:
#0 {main}
  thrown in C:\Users\User\Documents\goods\ex.php on line 18
[19-Aug-2019 14:08:28 UTC] PHP Fatal error:  Uncaught Error: Class 'Goods\Order' not found in C:\Users\User\Documents\goods\ex.php:18
Stack trace:
#0 {main}
  thrown in C:\Users\User\Documents\goods\ex.php on line 18
[19-Aug-2019 14:09:30 UTC] PHP Fatal error:  Uncaught Error: Class 'Goods\Goods\Curl' not found in C:\Users\User\Documents\goods\class\Goods\Order.php:25
Stack trace:
#0 C:\Users\User\Documents\goods\ex.php(20): Goods\Goods\Order->getOrdersAll()
#1 {main}
  thrown in C:\Users\User\Documents\goods\class\Goods\Order.php on line 25
[19-Aug-2019 14:10:03 UTC] PHP Fatal error:  Uncaught Error: Class 'Order' not found in C:\Users\User\Documents\goods\ex.php:18
Stack trace:
#0 {main}
  thrown in C:\Users\User\Documents\goods\ex.php on line 18
[19-Aug-2019 14:14:07 UTC] PHP Fatal error:  Uncaught Error: Class 'Order' not found in C:\Users\User\Documents\goods\ex.php:18
Stack trace:
#0 {main}
  thrown in C:\Users\User\Documents\goods\ex.php on line 18
[19-Aug-2019 14:14:48 UTC] PHP Fatal error:  Uncaught Error: Class 'Goods\Order' not found in C:\Users\User\Documents\goods\ex.php:18
Stack trace:
#0 {main}
  thrown in C:\Users\User\Documents\goods\ex.php on line 18
[19-Aug-2019 14:14:56 UTC] PHP Fatal error:  Uncaught Error: Class 'Goods\Order' not found in C:\Users\User\Documents\goods\ex.php:18
Stack trace:
#0 {main}
  thrown in C:\Users\User\Documents\goods\ex.php on line 18
[19-Aug-2019 14:15:04 UTC] PHP Fatal error:  Uncaught Error: Class 'Goods\Order' not found in C:\Users\User\Documents\goods\ex.php:18
Stack trace:
#0 {main}
  thrown in C:\Users\User\Documents\goods\ex.php on line 18
[19-Aug-2019 14:16:41 UTC] PHP Fatal error:  Uncaught Error: Class 'Goods\Order' not found in C:\Users\User\Documents\goods\ex.php:19
Stack trace:
#0 {main}
  thrown in C:\Users\User\Documents\goods\ex.php on line 19
[19-Aug-2019 14:21:29 UTC] PHP Fatal error:  Uncaught Error: Class 'Avaks\Goods\Curl' not found in C:\Users\User\Documents\goods\class\Goods\Order.php:25
Stack trace:
#0 C:\Users\User\Documents\goods\ex.php(21): Avaks\Goods\Order->getOrdersAll()
#1 {main}
  thrown in C:\Users\User\Documents\goods\class\Goods\Order.php on line 25
[19-Aug-2019 14:44:36 UTC] PHP Fatal error:  Uncaught Error: Cannot use object of type stdClass as array in C:\Users\User\Documents\goods\ex.php:58
Stack trace:
#0 {main}
  thrown in C:\Users\User\Documents\goods\ex.php on line 58
[19-Aug-2019 14:51:18 UTC] PHP Recoverable fatal error:  Object of class Avaks\Goods\Cargo could not be converted to string in C:\Users\User\Documents\goods\ex.php on line 33
[19-Aug-2019 14:51:55 UTC] PHP Notice:  Array to string conversion in C:\Users\User\Documents\goods\ex.php on line 33
[20-Aug-2019 06:04:45 UTC] PHP Fatal error:  Uncaught Error: Using $this when not in object context in C:\Users\User\Documents\goods\class\MS\CurlMoiSklad.php:26
Stack trace:
#0 C:\Users\User\Documents\goods\ex.php(50): Avaks\MS\CurlMoiSklad::curlMS('https://online....', false, 'kurskii@\xD1\x82\xD0\xB5\xD1\x85\xD1...')
#1 {main}
  thrown in C:\Users\User\Documents\goods\class\MS\CurlMoiSklad.php on line 26
[20-Aug-2019 06:23:39 UTC] PHP Warning:  array_merge(): Expected parameter 2 to be an array, string given in C:\Users\User\Documents\goods\class\Goods\Curl.php on line 30
[20-Aug-2019 06:25:20 UTC] PHP Parse error:  syntax error, unexpected '$res' (T_VARIABLE) in C:\Users\User\Documents\goods\class\Goods\Order.php on line 75
[20-Aug-2019 06:55:59 UTC] PHP Notice:  Array to string conversion in C:\Users\User\Documents\goods\class\Goods\Curl.php on line 43
[20-Aug-2019 06:56:13 UTC] PHP Notice:  Array to string conversion in C:\Users\User\Documents\goods\class\Goods\Curl.php on line 43
[20-Aug-2019 07:01:42 UTC] PHP Warning:  array_merge(): Expected parameter 2 to be an array, null given in C:\Users\User\Documents\goods\class\Goods\Curl.php on line 33
[20-Aug-2019 07:28:41 UTC] PHP Fatal error:  Uncaught Error: Class 'Goods' not found in C:\Users\User\Documents\goods\ex.php:53
Stack trace:
#0 {main}
  thrown in C:\Users\User\Documents\goods\ex.php on line 53
[20-Aug-2019 07:39:58 UTC] PHP Fatal error:  Uncaught Error: Class 'Goods' not found in C:\Users\User\Documents\goods\ex.php:53
Stack trace:
#0 {main}
  thrown in C:\Users\User\Documents\goods\ex.php on line 53
[20-Aug-2019 11:05:43 UTC] PHP Notice:  Undefined index: items in C:\Users\User\Documents\goods\class\Goods\Order.php on line 139
[20-Aug-2019 12:38:29 UTC] PHP Fatal error:  Uncaught Mpdf\MpdfException: Data has already been sent to output (C:\Users\User\Documents\goods\goods.php at line 1), unable to output PDF file in C:\Users\User\Documents\goods\vendor\mpdf\mpdf\src\Mpdf.php:9392
Stack trace:
#0 C:\Users\User\Documents\goods\ex3.php(61): Mpdf\Mpdf->Output()
#1 {main}
  thrown in C:\Users\User\Documents\goods\vendor\mpdf\mpdf\src\Mpdf.php on line 9392
[20-Aug-2019 12:38:55 UTC] PHP Fatal error:  Uncaught Mpdf\MpdfException: Data has already been sent to output (C:\Users\User\Documents\goods\goods.php at line 1), unable to output PDF file in C:\Users\User\Documents\goods\vendor\mpdf\mpdf\src\Mpdf.php:9392
Stack trace:
#0 C:\Users\User\Documents\goods\ex3.php(61): Mpdf\Mpdf->Output()
#1 {main}
  thrown in C:\Users\User\Documents\goods\vendor\mpdf\mpdf\src\Mpdf.php on line 9392
[20-Aug-2019 12:42:46 UTC] PHP Fatal error:  Uncaught Mpdf\MpdfException: Data has already been sent to output (C:\Users\User\Documents\goods\goods.php at line 1), unable to output PDF file in C:\Users\User\Documents\goods\vendor\mpdf\mpdf\src\Mpdf.php:9392
Stack trace:
#0 C:\Users\User\Documents\goods\ex3.php(61): Mpdf\Mpdf->Output()
#1 {main}
  thrown in C:\Users\User\Documents\goods\vendor\mpdf\mpdf\src\Mpdf.php on line 9392
