[23-Jan-2020 17:04:20 Europe/Moscow] PHP Parse error:  syntax error, unexpected '=' in /var/www/user/data/www/goods.ltplk.ru/vendor/phpoffice/phpspreadsheet/src/PhpSpreadsheet/Calculation/Calculation.php on line 2460
[23-Jan-2020 17:19:53 Europe/Moscow] PHP Parse error:  syntax error, unexpected '=' in /var/www/user/data/www/goods.ltplk.ru/vendor/phpoffice/phpspreadsheet/src/PhpSpreadsheet/Calculation/Calculation.php on line 2460
[25-May-2020 09:10:53 UTC] PHP Fatal error:  Uncaught Error: Call to undefined function telegram() in C:\Users\User\Documents\goods\reporting\parseExcel.php:80
Stack trace:
#0 C:\Users\User\Documents\goods\reporting\parseExcel.php(28): getDSH('goods-\xD0\xBA\xD0\xBE\xD0\xBC\xD0\xB8\xD1...')
#1 {main}
  thrown in C:\Users\User\Documents\goods\reporting\parseExcel.php on line 80
[25-May-2020 09:11:46 UTC] PHP Fatal error:  Uncaught Error: Call to undefined function telegram() in C:\Users\User\Documents\goods\reporting\parseExcel.php:80
Stack trace:
#0 C:\Users\User\Documents\goods\reporting\parseExcel.php(28): getDSH('goods-\xD0\xBA\xD0\xBE\xD0\xBC\xD0\xB8\xD1...')
#1 {main}
  thrown in C:\Users\User\Documents\goods\reporting\parseExcel.php on line 80
[10-Jul-2020 13:16:54 UTC] PHP Warning:  Illegal string offset 'id' in C:\Users\User\Documents\goods.ltplk.ru\reporting\parseExcel.php on line 48
[10-Jul-2020 13:16:55 UTC] PHP Warning:  Illegal string offset 'id' in C:\Users\User\Documents\goods.ltplk.ru\reporting\parseExcel.php on line 48
[10-Jul-2020 13:16:55 UTC] PHP Warning:  Illegal string offset 'id' in C:\Users\User\Documents\goods.ltplk.ru\reporting\parseExcel.php on line 48
[10-Jul-2020 13:16:55 UTC] PHP Warning:  Illegal string offset 'id' in C:\Users\User\Documents\goods.ltplk.ru\reporting\parseExcel.php on line 48
[10-Jul-2020 13:16:56 UTC] PHP Warning:  Illegal string offset 'id' in C:\Users\User\Documents\goods.ltplk.ru\reporting\parseExcel.php on line 48
[10-Jul-2020 13:16:56 UTC] PHP Warning:  Illegal string offset 'id' in C:\Users\User\Documents\goods.ltplk.ru\reporting\parseExcel.php on line 48
[10-Jul-2020 13:16:56 UTC] PHP Warning:  Illegal string offset 'id' in C:\Users\User\Documents\goods.ltplk.ru\reporting\parseExcel.php on line 48
[10-Jul-2020 13:16:57 UTC] PHP Warning:  Illegal string offset 'id' in C:\Users\User\Documents\goods.ltplk.ru\reporting\parseExcel.php on line 48
[10-Jul-2020 13:16:57 UTC] PHP Warning:  Illegal string offset 'id' in C:\Users\User\Documents\goods.ltplk.ru\reporting\parseExcel.php on line 48
[10-Jul-2020 13:16:57 UTC] PHP Warning:  Illegal string offset 'id' in C:\Users\User\Documents\goods.ltplk.ru\reporting\parseExcel.php on line 48
[10-Jul-2020 13:16:57 UTC] PHP Warning:  Illegal string offset 'id' in C:\Users\User\Documents\goods.ltplk.ru\reporting\parseExcel.php on line 48
[10-Jul-2020 13:16:58 UTC] PHP Warning:  Illegal string offset 'id' in C:\Users\User\Documents\goods.ltplk.ru\reporting\parseExcel.php on line 48
[10-Jul-2020 13:16:58 UTC] PHP Warning:  Illegal string offset 'id' in C:\Users\User\Documents\goods.ltplk.ru\reporting\parseExcel.php on line 48
[10-Jul-2020 13:16:58 UTC] PHP Warning:  Illegal string offset 'id' in C:\Users\User\Documents\goods.ltplk.ru\reporting\parseExcel.php on line 48
[10-Jul-2020 13:16:59 UTC] PHP Warning:  Illegal string offset 'id' in C:\Users\User\Documents\goods.ltplk.ru\reporting\parseExcel.php on line 48
[10-Jul-2020 13:16:59 UTC] PHP Warning:  Illegal string offset 'id' in C:\Users\User\Documents\goods.ltplk.ru\reporting\parseExcel.php on line 48
[10-Jul-2020 13:16:59 UTC] PHP Warning:  Illegal string offset 'id' in C:\Users\User\Documents\goods.ltplk.ru\reporting\parseExcel.php on line 48
[03-Aug-2020 13:00:54 UTC] PHP Warning:  Illegal string offset 'id' in C:\Users\User\Documents\goods\reporting\parseExcel.php on line 48
[03-Aug-2020 13:00:55 UTC] PHP Warning:  Illegal string offset 'id' in C:\Users\User\Documents\goods\reporting\parseExcel.php on line 48
[03-Aug-2020 13:00:55 UTC] PHP Warning:  Illegal string offset 'id' in C:\Users\User\Documents\goods\reporting\parseExcel.php on line 48
[03-Aug-2020 13:00:56 UTC] PHP Warning:  Illegal string offset 'id' in C:\Users\User\Documents\goods\reporting\parseExcel.php on line 48
[03-Aug-2020 13:00:56 UTC] PHP Warning:  Illegal string offset 'id' in C:\Users\User\Documents\goods\reporting\parseExcel.php on line 48
[03-Aug-2020 13:00:56 UTC] PHP Warning:  Illegal string offset 'id' in C:\Users\User\Documents\goods\reporting\parseExcel.php on line 48
[03-Aug-2020 13:00:57 UTC] PHP Warning:  Illegal string offset 'id' in C:\Users\User\Documents\goods\reporting\parseExcel.php on line 48
[03-Aug-2020 13:00:57 UTC] PHP Warning:  Illegal string offset 'id' in C:\Users\User\Documents\goods\reporting\parseExcel.php on line 48
[03-Aug-2020 13:00:58 UTC] PHP Warning:  Illegal string offset 'id' in C:\Users\User\Documents\goods\reporting\parseExcel.php on line 48
[03-Aug-2020 13:00:58 UTC] PHP Warning:  Illegal string offset 'id' in C:\Users\User\Documents\goods\reporting\parseExcel.php on line 48
[03-Aug-2020 13:00:59 UTC] PHP Warning:  Illegal string offset 'id' in C:\Users\User\Documents\goods\reporting\parseExcel.php on line 48
[03-Aug-2020 13:00:59 UTC] PHP Warning:  Illegal string offset 'id' in C:\Users\User\Documents\goods\reporting\parseExcel.php on line 48
[10-Aug-2020 16:28:58 UTC] PHP Warning:  Illegal string offset 'id' in C:\Users\User\Documents\goods\reporting\parseExcel.php on line 48
[10-Aug-2020 16:28:59 UTC] PHP Warning:  Illegal string offset 'id' in C:\Users\User\Documents\goods\reporting\parseExcel.php on line 48
[10-Aug-2020 16:28:59 UTC] PHP Warning:  Illegal string offset 'id' in C:\Users\User\Documents\goods\reporting\parseExcel.php on line 48
[10-Aug-2020 16:28:59 UTC] PHP Warning:  Illegal string offset 'id' in C:\Users\User\Documents\goods\reporting\parseExcel.php on line 48
[10-Aug-2020 16:28:59 UTC] PHP Warning:  Illegal string offset 'id' in C:\Users\User\Documents\goods\reporting\parseExcel.php on line 48
[10-Aug-2020 16:28:59 UTC] PHP Warning:  Illegal string offset 'id' in C:\Users\User\Documents\goods\reporting\parseExcel.php on line 48
[10-Aug-2020 16:28:59 UTC] PHP Warning:  Illegal string offset 'id' in C:\Users\User\Documents\goods\reporting\parseExcel.php on line 48
[10-Aug-2020 16:28:59 UTC] PHP Warning:  Illegal string offset 'id' in C:\Users\User\Documents\goods\reporting\parseExcel.php on line 48
[10-Aug-2020 16:28:59 UTC] PHP Warning:  Illegal string offset 'id' in C:\Users\User\Documents\goods\reporting\parseExcel.php on line 48
[10-Aug-2020 16:28:59 UTC] PHP Warning:  Illegal string offset 'id' in C:\Users\User\Documents\goods\reporting\parseExcel.php on line 48
[10-Aug-2020 16:28:59 UTC] PHP Warning:  Illegal string offset 'id' in C:\Users\User\Documents\goods\reporting\parseExcel.php on line 48
[10-Aug-2020 16:28:59 UTC] PHP Warning:  Illegal string offset 'id' in C:\Users\User\Documents\goods\reporting\parseExcel.php on line 48
[10-Aug-2020 16:28:59 UTC] PHP Warning:  Illegal string offset 'id' in C:\Users\User\Documents\goods\reporting\parseExcel.php on line 48
[10-Aug-2020 16:28:59 UTC] PHP Warning:  Illegal string offset 'id' in C:\Users\User\Documents\goods\reporting\parseExcel.php on line 48
[10-Aug-2020 16:28:59 UTC] PHP Warning:  Illegal string offset 'id' in C:\Users\User\Documents\goods\reporting\parseExcel.php on line 48
[10-Aug-2020 16:28:59 UTC] PHP Warning:  Illegal string offset 'id' in C:\Users\User\Documents\goods\reporting\parseExcel.php on line 48
[10-Aug-2020 16:28:59 UTC] PHP Warning:  Illegal string offset 'id' in C:\Users\User\Documents\goods\reporting\parseExcel.php on line 48
[10-Aug-2020 16:28:59 UTC] PHP Warning:  Illegal string offset 'id' in C:\Users\User\Documents\goods\reporting\parseExcel.php on line 48
[10-Aug-2020 16:28:59 UTC] PHP Warning:  Illegal string offset 'id' in C:\Users\User\Documents\goods\reporting\parseExcel.php on line 48
[10-Aug-2020 16:28:59 UTC] PHP Warning:  Illegal string offset 'id' in C:\Users\User\Documents\goods\reporting\parseExcel.php on line 48
[10-Aug-2020 16:29:00 UTC] PHP Warning:  Illegal string offset 'id' in C:\Users\User\Documents\goods\reporting\parseExcel.php on line 48
[10-Aug-2020 16:29:00 UTC] PHP Warning:  Illegal string offset 'id' in C:\Users\User\Documents\goods\reporting\parseExcel.php on line 48
[10-Aug-2020 16:29:00 UTC] PHP Warning:  Illegal string offset 'id' in C:\Users\User\Documents\goods\reporting\parseExcel.php on line 48
[10-Aug-2020 16:29:00 UTC] PHP Warning:  Illegal string offset 'id' in C:\Users\User\Documents\goods\reporting\parseExcel.php on line 48
[10-Aug-2020 16:29:00 UTC] PHP Warning:  Illegal string offset 'id' in C:\Users\User\Documents\goods\reporting\parseExcel.php on line 48
[10-Aug-2020 16:29:00 UTC] PHP Warning:  Illegal string offset 'id' in C:\Users\User\Documents\goods\reporting\parseExcel.php on line 48
[10-Aug-2020 16:29:00 UTC] PHP Warning:  Illegal string offset 'id' in C:\Users\User\Documents\goods\reporting\parseExcel.php on line 48
[10-Aug-2020 16:29:00 UTC] PHP Warning:  Illegal string offset 'id' in C:\Users\User\Documents\goods\reporting\parseExcel.php on line 48
[10-Aug-2020 16:29:00 UTC] PHP Warning:  Illegal string offset 'id' in C:\Users\User\Documents\goods\reporting\parseExcel.php on line 48
[10-Aug-2020 16:29:00 UTC] PHP Warning:  Illegal string offset 'id' in C:\Users\User\Documents\goods\reporting\parseExcel.php on line 48
[10-Aug-2020 16:29:00 UTC] PHP Warning:  Illegal string offset 'id' in C:\Users\User\Documents\goods\reporting\parseExcel.php on line 48
[10-Aug-2020 16:29:00 UTC] PHP Warning:  Illegal string offset 'id' in C:\Users\User\Documents\goods\reporting\parseExcel.php on line 48
[10-Aug-2020 16:29:00 UTC] PHP Warning:  Illegal string offset 'id' in C:\Users\User\Documents\goods\reporting\parseExcel.php on line 48
[10-Aug-2020 16:29:00 UTC] PHP Warning:  Illegal string offset 'id' in C:\Users\User\Documents\goods\reporting\parseExcel.php on line 48
[10-Aug-2020 16:29:00 UTC] PHP Warning:  Illegal string offset 'id' in C:\Users\User\Documents\goods\reporting\parseExcel.php on line 48
[10-Aug-2020 16:29:00 UTC] PHP Warning:  Illegal string offset 'id' in C:\Users\User\Documents\goods\reporting\parseExcel.php on line 48
[10-Aug-2020 16:29:00 UTC] PHP Warning:  Illegal string offset 'id' in C:\Users\User\Documents\goods\reporting\parseExcel.php on line 48
[10-Aug-2020 16:29:00 UTC] PHP Warning:  Illegal string offset 'id' in C:\Users\User\Documents\goods\reporting\parseExcel.php on line 48
[10-Aug-2020 16:29:00 UTC] PHP Warning:  Illegal string offset 'id' in C:\Users\User\Documents\goods\reporting\parseExcel.php on line 48
[08-Oct-2020 12:29:26 UTC] PHP Warning:  Illegal string offset 'id' in C:\Users\User\Documents\goods\reporting\parseExcel.php on line 48
[05-Nov-2020 08:07:12 UTC] PHP Warning:  Illegal string offset 'id' in C:\Users\User\Documents\goods\reporting\parseExcel.php on line 48
[11-Jan-2021 14:49:34 UTC] PHP Warning:  Illegal string offset 'id' in C:\Users\User\Documents\goods\reporting\parseExcel.php on line 48
[11-Jan-2021 14:49:34 UTC] PHP Warning:  Illegal string offset 'id' in C:\Users\User\Documents\goods\reporting\parseExcel.php on line 48
[11-Jan-2021 14:49:35 UTC] PHP Warning:  Illegal string offset 'id' in C:\Users\User\Documents\goods\reporting\parseExcel.php on line 48
[11-Jan-2021 14:49:35 UTC] PHP Warning:  Illegal string offset 'id' in C:\Users\User\Documents\goods\reporting\parseExcel.php on line 48
[11-Jan-2021 14:49:35 UTC] PHP Warning:  Illegal string offset 'id' in C:\Users\User\Documents\goods\reporting\parseExcel.php on line 48
[11-Jan-2021 14:49:35 UTC] PHP Warning:  Illegal string offset 'id' in C:\Users\User\Documents\goods\reporting\parseExcel.php on line 48
[11-Jan-2021 14:49:35 UTC] PHP Warning:  Illegal string offset 'id' in C:\Users\User\Documents\goods\reporting\parseExcel.php on line 48
[11-Jan-2021 14:49:51 UTC] PHP Warning:  Illegal string offset 'id' in C:\Users\User\Documents\goods\reporting\parseExcel.php on line 48
[11-Jan-2021 14:49:54 UTC] PHP Warning:  Illegal string offset 'id' in C:\Users\User\Documents\goods\reporting\parseExcel.php on line 48
[11-Jan-2021 14:49:54 UTC] PHP Warning:  Illegal string offset 'id' in C:\Users\User\Documents\goods\reporting\parseExcel.php on line 48
[11-Jan-2021 14:49:56 UTC] PHP Warning:  Illegal string offset 'id' in C:\Users\User\Documents\goods\reporting\parseExcel.php on line 48
[11-Jan-2021 14:50:09 UTC] PHP Warning:  Illegal string offset 'id' in C:\Users\User\Documents\goods\reporting\parseExcel.php on line 48
[04-Feb-2021 13:42:05 UTC] PHP Warning:  Illegal string offset 'id' in C:\Users\User\Documents\goods\reporting\parseExcel.php on line 48
[10-Mar-2021 17:04:14 UTC] PHP Warning:  Illegal string offset 'id' in C:\Users\User\Documents\goods\reporting\parseExcel.php on line 48
[10-Mar-2021 17:04:14 UTC] PHP Warning:  Illegal string offset 'id' in C:\Users\User\Documents\goods\reporting\parseExcel.php on line 48
[10-Mar-2021 17:04:14 UTC] PHP Warning:  Illegal string offset 'id' in C:\Users\User\Documents\goods\reporting\parseExcel.php on line 48
[10-Mar-2021 17:04:14 UTC] PHP Warning:  Illegal string offset 'id' in C:\Users\User\Documents\goods\reporting\parseExcel.php on line 48
[10-Mar-2021 17:04:17 UTC] PHP Warning:  Illegal string offset 'id' in C:\Users\User\Documents\goods\reporting\parseExcel.php on line 48
[10-Mar-2021 17:04:17 UTC] PHP Warning:  Illegal string offset 'id' in C:\Users\User\Documents\goods\reporting\parseExcel.php on line 48
[10-Mar-2021 17:04:17 UTC] PHP Warning:  Illegal string offset 'id' in C:\Users\User\Documents\goods\reporting\parseExcel.php on line 48
[10-Mar-2021 17:04:45 UTC] PHP Warning:  Illegal string offset 'id' in C:\Users\User\Documents\goods\reporting\parseExcel.php on line 48
[10-Mar-2021 17:04:54 UTC] PHP Warning:  Illegal string offset 'id' in C:\Users\User\Documents\goods\reporting\parseExcel.php on line 48
[10-Mar-2021 17:04:54 UTC] PHP Warning:  Illegal string offset 'id' in C:\Users\User\Documents\goods\reporting\parseExcel.php on line 48
[10-Mar-2021 17:05:09 UTC] PHP Warning:  Illegal string offset 'id' in C:\Users\User\Documents\goods\reporting\parseExcel.php on line 48
[10-Mar-2021 17:05:27 UTC] PHP Warning:  Illegal string offset 'id' in C:\Users\User\Documents\goods\reporting\parseExcel.php on line 48
[09-Apr-2021 11:47:36 UTC] PHP Notice:  Undefined offset: 10 in C:\Users\User\Documents\goods\reporting\parseExcel.php on line 42
[09-Apr-2021 11:50:30 UTC] PHP Warning:  Illegal string offset 'id' in C:\Users\User\Documents\goods\reporting\parseExcel.php on line 48
[09-Apr-2021 11:52:07 UTC] PHP Warning:  Illegal string offset 'id' in C:\Users\User\Documents\goods\reporting\parseExcel.php on line 48
[09-Apr-2021 11:52:07 UTC] PHP Warning:  Illegal string offset 'id' in C:\Users\User\Documents\goods\reporting\parseExcel.php on line 48
[09-Apr-2021 11:52:53 UTC] PHP Warning:  Illegal string offset 'id' in C:\Users\User\Documents\goods\reporting\parseExcel.php on line 48
[09-Apr-2021 11:52:58 UTC] PHP Warning:  rename(files/new/608_1413_1617892103034_5a.xls,files/old/608_1413_1617892103034_5a.xls): Процесс не может получить доступ к файлу, так как этот файл занят другим процессом. (code: 32) in C:\Users\User\Documents\goods\reporting\parseExcel.php on line 32
[10-May-2021 19:18:14 UTC] PHP Warning:  Illegal string offset 'id' in C:\Users\User\Documents\goods\reporting\parseExcel.php on line 50
[10-May-2021 19:18:14 UTC] PHP Warning:  Illegal string offset 'id' in C:\Users\User\Documents\goods\reporting\parseExcel.php on line 50
[10-May-2021 19:23:20 UTC] PHP Warning:  Illegal string offset 'id' in C:\Users\User\Documents\goods\reporting\parseExcel.php on line 48
[10-May-2021 19:24:54 UTC] PHP Warning:  Illegal string offset 'id' in C:\Users\User\Documents\goods\reporting\parseExcel.php on line 48
[10-May-2021 19:24:56 UTC] PHP Warning:  Illegal string offset 'id' in C:\Users\User\Documents\goods\reporting\parseExcel.php on line 48
[10-May-2021 19:24:59 UTC] PHP Warning:  Illegal string offset 'id' in C:\Users\User\Documents\goods\reporting\parseExcel.php on line 48
[10-May-2021 19:25:19 UTC] PHP Warning:  Illegal string offset 'id' in C:\Users\User\Documents\goods\reporting\parseExcel.php on line 48
[10-May-2021 19:25:46 UTC] PHP Warning:  Illegal string offset 'id' in C:\Users\User\Documents\goods\reporting\parseExcel.php on line 48
[10-May-2021 19:26:07 UTC] PHP Warning:  Illegal string offset 'id' in C:\Users\User\Documents\goods\reporting\parseExcel.php on line 48
[10-May-2021 19:26:55 UTC] PHP Warning:  Illegal string offset 'id' in C:\Users\User\Documents\goods\reporting\parseExcel.php on line 48
[10-May-2021 19:27:13 UTC] PHP Warning:  Illegal string offset 'id' in C:\Users\User\Documents\goods\reporting\parseExcel.php on line 48
[10-May-2021 19:29:23 UTC] PHP Warning:  Illegal string offset 'id' in C:\Users\User\Documents\goods\reporting\parseExcel.php on line 48
[10-May-2021 19:31:05 UTC] PHP Warning:  Illegal string offset 'id' in C:\Users\User\Documents\goods\reporting\parseExcel.php on line 48
[10-May-2021 19:31:08 UTC] PHP Warning:  Illegal string offset 'id' in C:\Users\User\Documents\goods\reporting\parseExcel.php on line 48
[10-May-2021 19:31:10 UTC] PHP Warning:  Illegal string offset 'id' in C:\Users\User\Documents\goods\reporting\parseExcel.php on line 48
[10-May-2021 19:31:31 UTC] PHP Warning:  Illegal string offset 'id' in C:\Users\User\Documents\goods\reporting\parseExcel.php on line 48
[10-May-2021 19:31:57 UTC] PHP Warning:  Illegal string offset 'id' in C:\Users\User\Documents\goods\reporting\parseExcel.php on line 48
[10-May-2021 19:32:17 UTC] PHP Warning:  Illegal string offset 'id' in C:\Users\User\Documents\goods\reporting\parseExcel.php on line 48
[10-May-2021 19:33:05 UTC] PHP Warning:  Illegal string offset 'id' in C:\Users\User\Documents\goods\reporting\parseExcel.php on line 48
[10-May-2021 19:33:24 UTC] PHP Warning:  Illegal string offset 'id' in C:\Users\User\Documents\goods\reporting\parseExcel.php on line 48
[10-May-2021 19:33:48 UTC] PHP Warning:  Illegal string offset 'id' in C:\Users\User\Documents\goods\reporting\parseExcel.php on line 48
[10-May-2021 19:33:50 UTC] PHP Warning:  Illegal string offset 'id' in C:\Users\User\Documents\goods\reporting\parseExcel.php on line 48
[10-May-2021 19:35:03 UTC] PHP Warning:  Illegal string offset 'id' in C:\Users\User\Documents\goods\reporting\parseExcel.php on line 48
[10-May-2021 19:35:06 UTC] PHP Warning:  Illegal string offset 'id' in C:\Users\User\Documents\goods\reporting\parseExcel.php on line 48
[10-May-2021 19:35:08 UTC] PHP Warning:  Illegal string offset 'id' in C:\Users\User\Documents\goods\reporting\parseExcel.php on line 48
[10-May-2021 19:35:28 UTC] PHP Warning:  Illegal string offset 'id' in C:\Users\User\Documents\goods\reporting\parseExcel.php on line 48
[10-May-2021 19:35:34 UTC] PHP Warning:  rename(files/new/goods-РєРѕРјРёСЃСЃРёРё-2020-03-01-2021-04-30.xlsx,files/old/goods-РєРѕРјРёСЃСЃРёРё-2020-03-01-2021-04-30.xlsx): Отказано в доступе. (code: 5) in C:\Users\User\Documents\goods\reporting\parseExcel.php on line 32
[07-Jun-2021 14:23:57 UTC] PHP Warning:  rename(files/new/608_1413_1623056168032_46.xls,files/old/608_1413_1623056168032_46.xls): Отказано в доступе. (code: 5) in C:\Users\User\Documents\goods\reporting\parseExcel.php on line 32
[09-Aug-2021 13:55:28 UTC] PHP Warning:  Illegal string offset 'id' in C:\Users\User\Documents\goods\reporting\parseExcel.php on line 51
[09-Aug-2021 13:55:28 UTC] PHP Warning:  Illegal string offset 'id' in C:\Users\User\Documents\goods\reporting\parseExcel.php on line 51
[09-Aug-2021 13:55:28 UTC] PHP Warning:  Illegal string offset 'id' in C:\Users\User\Documents\goods\reporting\parseExcel.php on line 51
[09-Aug-2021 13:55:28 UTC] PHP Warning:  Illegal string offset 'id' in C:\Users\User\Documents\goods\reporting\parseExcel.php on line 51
[09-Aug-2021 13:55:28 UTC] PHP Warning:  Illegal string offset 'id' in C:\Users\User\Documents\goods\reporting\parseExcel.php on line 51
[09-Aug-2021 13:55:28 UTC] PHP Warning:  Illegal string offset 'id' in C:\Users\User\Documents\goods\reporting\parseExcel.php on line 51
[09-Aug-2021 13:55:28 UTC] PHP Warning:  Illegal string offset 'id' in C:\Users\User\Documents\goods\reporting\parseExcel.php on line 51
[09-Aug-2021 13:55:28 UTC] PHP Warning:  Illegal string offset 'id' in C:\Users\User\Documents\goods\reporting\parseExcel.php on line 51
[09-Aug-2021 13:55:28 UTC] PHP Warning:  Illegal string offset 'id' in C:\Users\User\Documents\goods\reporting\parseExcel.php on line 51
[09-Aug-2021 13:55:28 UTC] PHP Warning:  Illegal string offset 'id' in C:\Users\User\Documents\goods\reporting\parseExcel.php on line 51
[09-Aug-2021 13:55:28 UTC] PHP Warning:  Illegal string offset 'id' in C:\Users\User\Documents\goods\reporting\parseExcel.php on line 51
[09-Aug-2021 13:55:28 UTC] PHP Warning:  Illegal string offset 'id' in C:\Users\User\Documents\goods\reporting\parseExcel.php on line 51
[09-Aug-2021 13:55:28 UTC] PHP Warning:  Illegal string offset 'id' in C:\Users\User\Documents\goods\reporting\parseExcel.php on line 51
[09-Aug-2021 13:55:28 UTC] PHP Warning:  Illegal string offset 'id' in C:\Users\User\Documents\goods\reporting\parseExcel.php on line 51
[09-Aug-2021 13:55:29 UTC] PHP Warning:  Illegal string offset 'id' in C:\Users\User\Documents\goods\reporting\parseExcel.php on line 51
[09-Aug-2021 13:55:29 UTC] PHP Warning:  Illegal string offset 'id' in C:\Users\User\Documents\goods\reporting\parseExcel.php on line 51
[09-Aug-2021 13:55:29 UTC] PHP Warning:  Illegal string offset 'id' in C:\Users\User\Documents\goods\reporting\parseExcel.php on line 51
[09-Aug-2021 13:55:29 UTC] PHP Warning:  Illegal string offset 'id' in C:\Users\User\Documents\goods\reporting\parseExcel.php on line 51
[09-Aug-2021 13:55:29 UTC] PHP Warning:  Illegal string offset 'id' in C:\Users\User\Documents\goods\reporting\parseExcel.php on line 51
[09-Aug-2021 13:55:29 UTC] PHP Warning:  Illegal string offset 'id' in C:\Users\User\Documents\goods\reporting\parseExcel.php on line 51
[09-Aug-2021 13:55:29 UTC] PHP Warning:  Illegal string offset 'id' in C:\Users\User\Documents\goods\reporting\parseExcel.php on line 51
[09-Aug-2021 13:55:29 UTC] PHP Warning:  Illegal string offset 'id' in C:\Users\User\Documents\goods\reporting\parseExcel.php on line 51
[09-Aug-2021 13:55:29 UTC] PHP Warning:  Illegal string offset 'id' in C:\Users\User\Documents\goods\reporting\parseExcel.php on line 51
[09-Aug-2021 13:55:29 UTC] PHP Warning:  Illegal string offset 'id' in C:\Users\User\Documents\goods\reporting\parseExcel.php on line 51
[09-Aug-2021 13:55:30 UTC] PHP Warning:  Illegal string offset 'id' in C:\Users\User\Documents\goods\reporting\parseExcel.php on line 51
[09-Aug-2021 13:55:30 UTC] PHP Warning:  Illegal string offset 'id' in C:\Users\User\Documents\goods\reporting\parseExcel.php on line 51
[09-Aug-2021 13:55:30 UTC] PHP Warning:  Illegal string offset 'id' in C:\Users\User\Documents\goods\reporting\parseExcel.php on line 51
[09-Aug-2021 13:55:30 UTC] PHP Warning:  Illegal string offset 'id' in C:\Users\User\Documents\goods\reporting\parseExcel.php on line 51
[09-Aug-2021 13:55:30 UTC] PHP Warning:  Illegal string offset 'id' in C:\Users\User\Documents\goods\reporting\parseExcel.php on line 51
[09-Aug-2021 13:55:30 UTC] PHP Warning:  Illegal string offset 'id' in C:\Users\User\Documents\goods\reporting\parseExcel.php on line 51
[09-Aug-2021 13:55:30 UTC] PHP Warning:  Illegal string offset 'id' in C:\Users\User\Documents\goods\reporting\parseExcel.php on line 51
[09-Aug-2021 13:55:31 UTC] PHP Warning:  Illegal string offset 'id' in C:\Users\User\Documents\goods\reporting\parseExcel.php on line 51
[09-Aug-2021 13:55:31 UTC] PHP Warning:  Illegal string offset 'id' in C:\Users\User\Documents\goods\reporting\parseExcel.php on line 51
[09-Aug-2021 13:55:31 UTC] PHP Warning:  Illegal string offset 'id' in C:\Users\User\Documents\goods\reporting\parseExcel.php on line 51
[09-Aug-2021 13:55:31 UTC] PHP Warning:  Illegal string offset 'id' in C:\Users\User\Documents\goods\reporting\parseExcel.php on line 51
[09-Aug-2021 13:55:31 UTC] PHP Warning:  Illegal string offset 'id' in C:\Users\User\Documents\goods\reporting\parseExcel.php on line 51
[09-Aug-2021 13:55:31 UTC] PHP Warning:  Illegal string offset 'id' in C:\Users\User\Documents\goods\reporting\parseExcel.php on line 51
[09-Aug-2021 13:55:31 UTC] PHP Warning:  Illegal string offset 'id' in C:\Users\User\Documents\goods\reporting\parseExcel.php on line 51
[09-Aug-2021 13:55:31 UTC] PHP Warning:  Illegal string offset 'id' in C:\Users\User\Documents\goods\reporting\parseExcel.php on line 51
[09-Aug-2021 13:55:31 UTC] PHP Warning:  Illegal string offset 'id' in C:\Users\User\Documents\goods\reporting\parseExcel.php on line 51
[09-Aug-2021 13:55:31 UTC] PHP Warning:  Illegal string offset 'id' in C:\Users\User\Documents\goods\reporting\parseExcel.php on line 51
[09-Aug-2021 13:55:31 UTC] PHP Warning:  Illegal string offset 'id' in C:\Users\User\Documents\goods\reporting\parseExcel.php on line 51
[09-Aug-2021 13:55:31 UTC] PHP Warning:  Illegal string offset 'id' in C:\Users\User\Documents\goods\reporting\parseExcel.php on line 51
[09-Aug-2021 13:55:31 UTC] PHP Warning:  Illegal string offset 'id' in C:\Users\User\Documents\goods\reporting\parseExcel.php on line 51
[09-Aug-2021 13:55:31 UTC] PHP Warning:  Illegal string offset 'id' in C:\Users\User\Documents\goods\reporting\parseExcel.php on line 51
[09-Aug-2021 13:55:31 UTC] PHP Warning:  Illegal string offset 'id' in C:\Users\User\Documents\goods\reporting\parseExcel.php on line 51
[09-Aug-2021 13:55:31 UTC] PHP Warning:  Illegal string offset 'id' in C:\Users\User\Documents\goods\reporting\parseExcel.php on line 51
[09-Aug-2021 13:55:31 UTC] PHP Warning:  Illegal string offset 'id' in C:\Users\User\Documents\goods\reporting\parseExcel.php on line 51
[09-Aug-2021 13:55:31 UTC] PHP Warning:  Illegal string offset 'id' in C:\Users\User\Documents\goods\reporting\parseExcel.php on line 51
[09-Aug-2021 13:55:31 UTC] PHP Warning:  Illegal string offset 'id' in C:\Users\User\Documents\goods\reporting\parseExcel.php on line 51
[09-Aug-2021 13:55:32 UTC] PHP Warning:  Illegal string offset 'id' in C:\Users\User\Documents\goods\reporting\parseExcel.php on line 51
[09-Aug-2021 13:55:32 UTC] PHP Warning:  Illegal string offset 'id' in C:\Users\User\Documents\goods\reporting\parseExcel.php on line 51
[09-Aug-2021 13:55:32 UTC] PHP Warning:  Illegal string offset 'id' in C:\Users\User\Documents\goods\reporting\parseExcel.php on line 51
[09-Aug-2021 13:55:32 UTC] PHP Warning:  Illegal string offset 'id' in C:\Users\User\Documents\goods\reporting\parseExcel.php on line 51
[09-Aug-2021 13:55:32 UTC] PHP Warning:  Illegal string offset 'id' in C:\Users\User\Documents\goods\reporting\parseExcel.php on line 51
[09-Aug-2021 13:55:32 UTC] PHP Warning:  Illegal string offset 'id' in C:\Users\User\Documents\goods\reporting\parseExcel.php on line 51
[09-Aug-2021 13:55:32 UTC] PHP Warning:  Illegal string offset 'id' in C:\Users\User\Documents\goods\reporting\parseExcel.php on line 51
[09-Aug-2021 13:55:32 UTC] PHP Warning:  Illegal string offset 'id' in C:\Users\User\Documents\goods\reporting\parseExcel.php on line 51
[09-Aug-2021 13:55:32 UTC] PHP Warning:  Illegal string offset 'id' in C:\Users\User\Documents\goods\reporting\parseExcel.php on line 51
[09-Aug-2021 13:55:32 UTC] PHP Warning:  Illegal string offset 'id' in C:\Users\User\Documents\goods\reporting\parseExcel.php on line 51
[09-Aug-2021 13:55:32 UTC] PHP Warning:  Illegal string offset 'id' in C:\Users\User\Documents\goods\reporting\parseExcel.php on line 51
[09-Aug-2021 13:55:32 UTC] PHP Warning:  Illegal string offset 'id' in C:\Users\User\Documents\goods\reporting\parseExcel.php on line 51
[09-Aug-2021 13:55:32 UTC] PHP Warning:  Illegal string offset 'id' in C:\Users\User\Documents\goods\reporting\parseExcel.php on line 51
[09-Aug-2021 13:55:32 UTC] PHP Warning:  Illegal string offset 'id' in C:\Users\User\Documents\goods\reporting\parseExcel.php on line 51
[09-Aug-2021 13:55:32 UTC] PHP Warning:  Illegal string offset 'id' in C:\Users\User\Documents\goods\reporting\parseExcel.php on line 51
[09-Aug-2021 13:55:32 UTC] PHP Warning:  Illegal string offset 'id' in C:\Users\User\Documents\goods\reporting\parseExcel.php on line 51
[09-Aug-2021 13:55:32 UTC] PHP Warning:  Illegal string offset 'id' in C:\Users\User\Documents\goods\reporting\parseExcel.php on line 51
[09-Aug-2021 13:55:32 UTC] PHP Warning:  Illegal string offset 'id' in C:\Users\User\Documents\goods\reporting\parseExcel.php on line 51
[09-Aug-2021 13:55:33 UTC] PHP Warning:  Illegal string offset 'id' in C:\Users\User\Documents\goods\reporting\parseExcel.php on line 51
[09-Aug-2021 13:55:33 UTC] PHP Warning:  Illegal string offset 'id' in C:\Users\User\Documents\goods\reporting\parseExcel.php on line 51
[09-Aug-2021 13:55:33 UTC] PHP Warning:  Illegal string offset 'id' in C:\Users\User\Documents\goods\reporting\parseExcel.php on line 51
[09-Aug-2021 13:55:33 UTC] PHP Warning:  Illegal string offset 'id' in C:\Users\User\Documents\goods\reporting\parseExcel.php on line 51
[09-Aug-2021 13:55:33 UTC] PHP Warning:  Illegal string offset 'id' in C:\Users\User\Documents\goods\reporting\parseExcel.php on line 51
[09-Aug-2021 13:55:33 UTC] PHP Warning:  Illegal string offset 'id' in C:\Users\User\Documents\goods\reporting\parseExcel.php on line 51
[09-Aug-2021 13:55:33 UTC] PHP Warning:  Illegal string offset 'id' in C:\Users\User\Documents\goods\reporting\parseExcel.php on line 51
[09-Aug-2021 13:55:33 UTC] PHP Warning:  Illegal string offset 'id' in C:\Users\User\Documents\goods\reporting\parseExcel.php on line 51
[09-Aug-2021 13:55:33 UTC] PHP Warning:  Illegal string offset 'id' in C:\Users\User\Documents\goods\reporting\parseExcel.php on line 51
[09-Aug-2021 13:55:33 UTC] PHP Warning:  Illegal string offset 'id' in C:\Users\User\Documents\goods\reporting\parseExcel.php on line 51
[09-Aug-2021 13:55:33 UTC] PHP Warning:  Illegal string offset 'id' in C:\Users\User\Documents\goods\reporting\parseExcel.php on line 51
[09-Aug-2021 13:55:33 UTC] PHP Warning:  Illegal string offset 'id' in C:\Users\User\Documents\goods\reporting\parseExcel.php on line 51
[09-Aug-2021 13:55:33 UTC] PHP Warning:  Illegal string offset 'id' in C:\Users\User\Documents\goods\reporting\parseExcel.php on line 51
[09-Aug-2021 13:55:33 UTC] PHP Warning:  Illegal string offset 'id' in C:\Users\User\Documents\goods\reporting\parseExcel.php on line 51
[09-Aug-2021 13:55:33 UTC] PHP Warning:  Illegal string offset 'id' in C:\Users\User\Documents\goods\reporting\parseExcel.php on line 51
[09-Aug-2021 13:55:33 UTC] PHP Warning:  Illegal string offset 'id' in C:\Users\User\Documents\goods\reporting\parseExcel.php on line 51
[09-Aug-2021 13:55:33 UTC] PHP Warning:  Illegal string offset 'id' in C:\Users\User\Documents\goods\reporting\parseExcel.php on line 51
[09-Aug-2021 13:55:34 UTC] PHP Warning:  Illegal string offset 'id' in C:\Users\User\Documents\goods\reporting\parseExcel.php on line 51
[09-Aug-2021 13:55:34 UTC] PHP Warning:  Illegal string offset 'id' in C:\Users\User\Documents\goods\reporting\parseExcel.php on line 51
[09-Aug-2021 13:55:34 UTC] PHP Warning:  Illegal string offset 'id' in C:\Users\User\Documents\goods\reporting\parseExcel.php on line 51
[09-Aug-2021 13:55:34 UTC] PHP Warning:  Illegal string offset 'id' in C:\Users\User\Documents\goods\reporting\parseExcel.php on line 51
[09-Aug-2021 13:55:34 UTC] PHP Warning:  Illegal string offset 'id' in C:\Users\User\Documents\goods\reporting\parseExcel.php on line 51
[09-Aug-2021 13:55:34 UTC] PHP Warning:  Illegal string offset 'id' in C:\Users\User\Documents\goods\reporting\parseExcel.php on line 51
[09-Aug-2021 13:55:34 UTC] PHP Warning:  Illegal string offset 'id' in C:\Users\User\Documents\goods\reporting\parseExcel.php on line 51
[09-Aug-2021 13:55:34 UTC] PHP Warning:  Illegal string offset 'id' in C:\Users\User\Documents\goods\reporting\parseExcel.php on line 51
[09-Aug-2021 13:55:34 UTC] PHP Warning:  Illegal string offset 'id' in C:\Users\User\Documents\goods\reporting\parseExcel.php on line 51
[09-Aug-2021 13:55:34 UTC] PHP Warning:  Illegal string offset 'id' in C:\Users\User\Documents\goods\reporting\parseExcel.php on line 51
[09-Aug-2021 13:55:34 UTC] PHP Warning:  Illegal string offset 'id' in C:\Users\User\Documents\goods\reporting\parseExcel.php on line 51
[09-Aug-2021 13:55:34 UTC] PHP Warning:  Illegal string offset 'id' in C:\Users\User\Documents\goods\reporting\parseExcel.php on line 51
[09-Aug-2021 13:55:34 UTC] PHP Warning:  Illegal string offset 'id' in C:\Users\User\Documents\goods\reporting\parseExcel.php on line 51
[09-Aug-2021 13:55:34 UTC] PHP Warning:  Illegal string offset 'id' in C:\Users\User\Documents\goods\reporting\parseExcel.php on line 51
[09-Aug-2021 13:55:34 UTC] PHP Warning:  Illegal string offset 'id' in C:\Users\User\Documents\goods\reporting\parseExcel.php on line 51
[09-Aug-2021 13:55:34 UTC] PHP Warning:  Illegal string offset 'id' in C:\Users\User\Documents\goods\reporting\parseExcel.php on line 51
[09-Aug-2021 13:55:34 UTC] PHP Warning:  Illegal string offset 'id' in C:\Users\User\Documents\goods\reporting\parseExcel.php on line 51
[09-Aug-2021 13:55:34 UTC] PHP Warning:  Illegal string offset 'id' in C:\Users\User\Documents\goods\reporting\parseExcel.php on line 51
[09-Aug-2021 13:55:34 UTC] PHP Warning:  Illegal string offset 'id' in C:\Users\User\Documents\goods\reporting\parseExcel.php on line 51
[09-Aug-2021 13:55:34 UTC] PHP Warning:  Illegal string offset 'id' in C:\Users\User\Documents\goods\reporting\parseExcel.php on line 51
[09-Aug-2021 13:55:34 UTC] PHP Warning:  Illegal string offset 'id' in C:\Users\User\Documents\goods\reporting\parseExcel.php on line 51
[09-Aug-2021 13:55:34 UTC] PHP Warning:  Illegal string offset 'id' in C:\Users\User\Documents\goods\reporting\parseExcel.php on line 51
[09-Aug-2021 13:55:34 UTC] PHP Warning:  Illegal string offset 'id' in C:\Users\User\Documents\goods\reporting\parseExcel.php on line 51
[09-Aug-2021 13:55:34 UTC] PHP Warning:  Illegal string offset 'id' in C:\Users\User\Documents\goods\reporting\parseExcel.php on line 51
[09-Aug-2021 13:55:34 UTC] PHP Warning:  Illegal string offset 'id' in C:\Users\User\Documents\goods\reporting\parseExcel.php on line 51
[09-Aug-2021 13:55:34 UTC] PHP Warning:  Illegal string offset 'id' in C:\Users\User\Documents\goods\reporting\parseExcel.php on line 51
[09-Aug-2021 13:55:34 UTC] PHP Warning:  Illegal string offset 'id' in C:\Users\User\Documents\goods\reporting\parseExcel.php on line 51
[09-Aug-2021 13:55:34 UTC] PHP Warning:  Illegal string offset 'id' in C:\Users\User\Documents\goods\reporting\parseExcel.php on line 51
[09-Aug-2021 13:55:34 UTC] PHP Warning:  Illegal string offset 'id' in C:\Users\User\Documents\goods\reporting\parseExcel.php on line 51
[09-Aug-2021 13:55:34 UTC] PHP Warning:  Illegal string offset 'id' in C:\Users\User\Documents\goods\reporting\parseExcel.php on line 51
[09-Aug-2021 13:55:34 UTC] PHP Warning:  Illegal string offset 'id' in C:\Users\User\Documents\goods\reporting\parseExcel.php on line 51
[09-Aug-2021 13:55:34 UTC] PHP Warning:  Illegal string offset 'id' in C:\Users\User\Documents\goods\reporting\parseExcel.php on line 51
[09-Aug-2021 13:55:34 UTC] PHP Warning:  Illegal string offset 'id' in C:\Users\User\Documents\goods\reporting\parseExcel.php on line 51
[09-Aug-2021 13:55:34 UTC] PHP Warning:  Illegal string offset 'id' in C:\Users\User\Documents\goods\reporting\parseExcel.php on line 51
[09-Aug-2021 13:55:34 UTC] PHP Warning:  Illegal string offset 'id' in C:\Users\User\Documents\goods\reporting\parseExcel.php on line 51
[09-Aug-2021 13:55:34 UTC] PHP Warning:  Illegal string offset 'id' in C:\Users\User\Documents\goods\reporting\parseExcel.php on line 51
[09-Aug-2021 13:55:34 UTC] PHP Warning:  Illegal string offset 'id' in C:\Users\User\Documents\goods\reporting\parseExcel.php on line 51
[09-Aug-2021 13:55:35 UTC] PHP Warning:  Illegal string offset 'id' in C:\Users\User\Documents\goods\reporting\parseExcel.php on line 51
[09-Aug-2021 13:55:35 UTC] PHP Warning:  Illegal string offset 'id' in C:\Users\User\Documents\goods\reporting\parseExcel.php on line 51
[09-Aug-2021 13:55:35 UTC] PHP Warning:  Illegal string offset 'id' in C:\Users\User\Documents\goods\reporting\parseExcel.php on line 51
[09-Aug-2021 13:55:35 UTC] PHP Warning:  Illegal string offset 'id' in C:\Users\User\Documents\goods\reporting\parseExcel.php on line 51
[09-Aug-2021 13:55:35 UTC] PHP Warning:  Illegal string offset 'id' in C:\Users\User\Documents\goods\reporting\parseExcel.php on line 51
[09-Aug-2021 13:55:35 UTC] PHP Warning:  Illegal string offset 'id' in C:\Users\User\Documents\goods\reporting\parseExcel.php on line 51
[09-Aug-2021 13:55:35 UTC] PHP Warning:  Illegal string offset 'id' in C:\Users\User\Documents\goods\reporting\parseExcel.php on line 51
[09-Aug-2021 13:55:35 UTC] PHP Warning:  Illegal string offset 'id' in C:\Users\User\Documents\goods\reporting\parseExcel.php on line 51
[09-Aug-2021 13:55:35 UTC] PHP Warning:  Illegal string offset 'id' in C:\Users\User\Documents\goods\reporting\parseExcel.php on line 51
[09-Aug-2021 13:55:35 UTC] PHP Warning:  Illegal string offset 'id' in C:\Users\User\Documents\goods\reporting\parseExcel.php on line 51
[09-Aug-2021 13:55:35 UTC] PHP Warning:  Illegal string offset 'id' in C:\Users\User\Documents\goods\reporting\parseExcel.php on line 51
[09-Aug-2021 13:55:35 UTC] PHP Warning:  Illegal string offset 'id' in C:\Users\User\Documents\goods\reporting\parseExcel.php on line 51
[09-Aug-2021 13:55:35 UTC] PHP Warning:  Illegal string offset 'id' in C:\Users\User\Documents\goods\reporting\parseExcel.php on line 51
[09-Aug-2021 13:55:35 UTC] PHP Warning:  Illegal string offset 'id' in C:\Users\User\Documents\goods\reporting\parseExcel.php on line 51
[09-Aug-2021 13:55:35 UTC] PHP Warning:  Illegal string offset 'id' in C:\Users\User\Documents\goods\reporting\parseExcel.php on line 51
[09-Aug-2021 13:55:35 UTC] PHP Warning:  Illegal string offset 'id' in C:\Users\User\Documents\goods\reporting\parseExcel.php on line 51
[09-Aug-2021 13:55:35 UTC] PHP Warning:  Illegal string offset 'id' in C:\Users\User\Documents\goods\reporting\parseExcel.php on line 51
[09-Aug-2021 13:55:35 UTC] PHP Warning:  Illegal string offset 'id' in C:\Users\User\Documents\goods\reporting\parseExcel.php on line 51
[09-Aug-2021 13:55:35 UTC] PHP Warning:  Illegal string offset 'id' in C:\Users\User\Documents\goods\reporting\parseExcel.php on line 51
[09-Aug-2021 13:55:36 UTC] PHP Warning:  Illegal string offset 'id' in C:\Users\User\Documents\goods\reporting\parseExcel.php on line 51
[09-Aug-2021 13:55:36 UTC] PHP Warning:  Illegal string offset 'id' in C:\Users\User\Documents\goods\reporting\parseExcel.php on line 51
[09-Aug-2021 13:55:36 UTC] PHP Warning:  Illegal string offset 'id' in C:\Users\User\Documents\goods\reporting\parseExcel.php on line 51
[09-Aug-2021 13:55:36 UTC] PHP Warning:  Illegal string offset 'id' in C:\Users\User\Documents\goods\reporting\parseExcel.php on line 51
[09-Aug-2021 13:55:36 UTC] PHP Warning:  Illegal string offset 'id' in C:\Users\User\Documents\goods\reporting\parseExcel.php on line 51
[09-Aug-2021 13:55:36 UTC] PHP Warning:  Illegal string offset 'id' in C:\Users\User\Documents\goods\reporting\parseExcel.php on line 51
[09-Aug-2021 13:55:36 UTC] PHP Warning:  Illegal string offset 'id' in C:\Users\User\Documents\goods\reporting\parseExcel.php on line 51
[09-Aug-2021 13:55:36 UTC] PHP Warning:  Illegal string offset 'id' in C:\Users\User\Documents\goods\reporting\parseExcel.php on line 51
[09-Aug-2021 13:55:36 UTC] PHP Warning:  Illegal string offset 'id' in C:\Users\User\Documents\goods\reporting\parseExcel.php on line 51
[09-Aug-2021 13:55:36 UTC] PHP Warning:  Illegal string offset 'id' in C:\Users\User\Documents\goods\reporting\parseExcel.php on line 51
[09-Aug-2021 13:55:36 UTC] PHP Warning:  Illegal string offset 'id' in C:\Users\User\Documents\goods\reporting\parseExcel.php on line 51
[09-Aug-2021 13:55:36 UTC] PHP Warning:  Illegal string offset 'id' in C:\Users\User\Documents\goods\reporting\parseExcel.php on line 51
[09-Aug-2021 13:55:36 UTC] PHP Warning:  Illegal string offset 'id' in C:\Users\User\Documents\goods\reporting\parseExcel.php on line 51
[09-Aug-2021 13:55:37 UTC] PHP Warning:  Illegal string offset 'id' in C:\Users\User\Documents\goods\reporting\parseExcel.php on line 51
[09-Aug-2021 13:55:37 UTC] PHP Warning:  Illegal string offset 'id' in C:\Users\User\Documents\goods\reporting\parseExcel.php on line 51
[09-Aug-2021 13:55:37 UTC] PHP Warning:  Illegal string offset 'id' in C:\Users\User\Documents\goods\reporting\parseExcel.php on line 51
[09-Aug-2021 13:55:37 UTC] PHP Warning:  Illegal string offset 'id' in C:\Users\User\Documents\goods\reporting\parseExcel.php on line 51
[09-Aug-2021 13:55:37 UTC] PHP Warning:  Illegal string offset 'id' in C:\Users\User\Documents\goods\reporting\parseExcel.php on line 51
[09-Aug-2021 13:55:37 UTC] PHP Warning:  Illegal string offset 'id' in C:\Users\User\Documents\goods\reporting\parseExcel.php on line 51
[09-Aug-2021 13:55:37 UTC] PHP Warning:  Illegal string offset 'id' in C:\Users\User\Documents\goods\reporting\parseExcel.php on line 51
[09-Aug-2021 13:55:37 UTC] PHP Warning:  Illegal string offset 'id' in C:\Users\User\Documents\goods\reporting\parseExcel.php on line 51
[09-Aug-2021 13:55:37 UTC] PHP Warning:  Illegal string offset 'id' in C:\Users\User\Documents\goods\reporting\parseExcel.php on line 51
[09-Aug-2021 13:55:37 UTC] PHP Warning:  Illegal string offset 'id' in C:\Users\User\Documents\goods\reporting\parseExcel.php on line 51
[09-Aug-2021 13:55:37 UTC] PHP Warning:  Illegal string offset 'id' in C:\Users\User\Documents\goods\reporting\parseExcel.php on line 51
[09-Aug-2021 13:55:37 UTC] PHP Warning:  Illegal string offset 'id' in C:\Users\User\Documents\goods\reporting\parseExcel.php on line 51
[09-Aug-2021 13:55:37 UTC] PHP Warning:  Illegal string offset 'id' in C:\Users\User\Documents\goods\reporting\parseExcel.php on line 51
[09-Aug-2021 13:55:37 UTC] PHP Warning:  Illegal string offset 'id' in C:\Users\User\Documents\goods\reporting\parseExcel.php on line 51
[09-Aug-2021 13:55:37 UTC] PHP Warning:  Illegal string offset 'id' in C:\Users\User\Documents\goods\reporting\parseExcel.php on line 51
[09-Aug-2021 13:55:37 UTC] PHP Warning:  Illegal string offset 'id' in C:\Users\User\Documents\goods\reporting\parseExcel.php on line 51
[09-Aug-2021 13:55:37 UTC] PHP Warning:  Illegal string offset 'id' in C:\Users\User\Documents\goods\reporting\parseExcel.php on line 51
[10-Aug-2021 07:34:42 UTC] PHP Warning:  Illegal string offset 'id' in C:\Users\User\Documents\goods\reporting\parseExcel.php on line 51
[10-Aug-2021 07:35:32 UTC] PHP Warning:  Illegal string offset 'id' in C:\Users\User\Documents\goods\reporting\parseExcel.php on line 51
[10-Aug-2021 07:44:34 UTC] PHP Warning:  rename(files/new/608_1413_1628502014059_4e.xls,files/old/608_1413_1628502014059_4e.xls): Процесс не может получить доступ к файлу, так как этот файл занят другим процессом. (code: 32) in C:\Users\User\Documents\goods\reporting\parseExcel.php on line 32
[03-Sep-2021 08:38:11 UTC] PHP Warning:  rename(files/new/Goods_РќРѕРІРёРЅРєРё_608_1413_1630576272834_28.xls,files/old/Goods_РќРѕРІРёРЅРєРё_608_1413_1630576272834_28.xls): Процесс не может получить доступ к файлу, так как этот файл занят другим процессом. (code: 32) in C:\Users\User\Documents\goods\reporting\parseExcel.php on line 32
[03-Sep-2021 09:34:50 UTC] PHP Warning:  rename(files/new/Goods_РђР’РЎ_9308_26782_1630575361430_a4.xls,files/old/Goods_РђР’РЎ_9308_26782_1630575361430_a4.xls): Процесс не может получить доступ к файлу, так как этот файл занят другим процессом. (code: 32) in C:\Users\User\Documents\goods\reporting\parseExcel.php on line 32
[08-Oct-2021 10:47:51 UTC] PHP Notice:  Array to string conversion in C:\Users\User\Documents\goods\reporting\parseExcel.php on line 91
[28-Mar-2022 10:53:32 UTC] PHP Notice:  Undefined offset: 18 in C:\Users\User\Documents\goods\reporting\parseExcel.php on line 46
[28-Mar-2022 10:53:34 UTC] PHP Notice:  Undefined offset: 18 in C:\Users\User\Documents\goods\reporting\parseExcel.php on line 46
[28-Mar-2022 10:53:35 UTC] PHP Notice:  Undefined offset: 18 in C:\Users\User\Documents\goods\reporting\parseExcel.php on line 46
[28-Mar-2022 10:53:37 UTC] PHP Notice:  Undefined offset: 18 in C:\Users\User\Documents\goods\reporting\parseExcel.php on line 46
[31-Mar-2022 10:15:10 UTC] PHP Notice:  Undefined offset: 19 in C:\Users\User\Documents\goods\reporting\parseExcel.php on line 46
[31-Mar-2022 10:15:12 UTC] PHP Notice:  Undefined offset: 19 in C:\Users\User\Documents\goods\reporting\parseExcel.php on line 46
